<?xml version="1.0" encoding="UTF-8"?>
<!-- Generated by org.testng.reporters.JUnitReportReporter -->
<testsuite hostname="DESKTOP-4CVSFD9" failures="0" tests="1" name="restAssuredTests.demo2_POST_Request" time="3.391" errors="0" timestamp="2023-04-06T16:10:05 IST" skipped="0">
  <testcase classname="restAssuredTests.demo2_POST_Request" name="testPost" time="3.391"/>
  <system-out/>
</testsuite> <!-- restAssuredTests.demo2_POST_Request -->
